<?xml version="1.0" encoding="utf-8"?>
<test-run id="2" name="Open-Lab-05.01.dll" fullname="C:/Users/onkom/Source/Repos/Open-Lab-05.01/Open-Lab-05.01/bin/Debug/netcoreapp3.0/Open-Lab-05.01.dll" testcasecount="100" result="Passed" start-time="2021-12-27 14:41:49Z" end-time="2021-12-27 14:41:49Z" duration="0.120933" total="100" passed="100" failed="0" inconclusive="0" skipped="0" asserts="100" random-seed="1827036510">
  <command-line><![CDATA[C:\Users\onkom\Source\Repos\Open-Lab-05.01\Open-Lab-05.01\bin\Debug\netcoreapp3.0\Open-Lab-05.01.dll]]></command-line>
  <filter />
  <test-suite type="Assembly" id="1102" name="Open-Lab-05.01.dll" fullname="C:/Users/onkom/Source/Repos/Open-Lab-05.01/Open-Lab-05.01/bin/Debug/netcoreapp3.0/Open-Lab-05.01.dll" runstate="Runnable" testcasecount="100" result="Passed" start-time="2021-12-27 14:41:49Z" end-time="2021-12-27 14:41:49Z" duration="0.120933" total="100" passed="100" failed="0" warnings="0" inconclusive="0" skipped="0" asserts="100">
    <environment framework-version="3.12.0.0" clr-version="3.1.19" os-version="Microsoft Windows 10.0.19042" platform="Win32NT" cwd="C:\Users\onkom\Source\Repos\Open-Lab-05.01\Open-Lab-05.01\bin\Debug\netcoreapp3.0" machine-name="DESKTOP-7OQAPDJ" user="onkom" user-domain="DESKTOP-7OQAPDJ" culture="en-US" uiculture="en-US" os-architecture="x64" />
    <settings>
      <setting name="WorkDirectory" value="C:\Users\onkom\Source\Repos\Open-Lab-05.01\Open-Lab-05.01\bin\Debug\netcoreapp3.0" />
      <setting name="NumberOfTestWorkers" value="4" />
    </settings>
    <properties>
      <property name="_PID" value="17840" />
      <property name="_APPDOMAIN" value="Open-Lab-05.01" />
    </properties>
    <test-suite type="TestSuite" id="1103" name="Open_Lab_05" fullname="Open_Lab_05" runstate="Runnable" testcasecount="100" result="Passed" start-time="2021-12-27 14:41:49Z" end-time="2021-12-27 14:41:49Z" duration="0.094696" total="100" passed="100" failed="0" warnings="0" inconclusive="0" skipped="0" asserts="100">
      <test-suite type="TestSuite" id="1104" name="_01" fullname="Open_Lab_05._01" runstate="Runnable" testcasecount="100" result="Passed" start-time="2021-12-27 14:41:49Z" end-time="2021-12-27 14:41:49Z" duration="0.092961" total="100" passed="100" failed="0" warnings="0" inconclusive="0" skipped="0" asserts="100">
        <test-suite type="TestFixture" id="1000" name="Tests" fullname="Open_Lab_05._01.Tests" classname="Open_Lab_05._01.Tests" runstate="Runnable" testcasecount="100" result="Passed" start-time="2021-12-27 14:41:49Z" end-time="2021-12-27 14:41:49Z" duration="0.084557" total="100" passed="100" failed="0" warnings="0" inconclusive="0" skipped="0" asserts="100">
          <test-suite type="ParameterizedMethod" id="1101" name="CenturyTest" fullname="Open_Lab_05._01.Tests.CenturyTest" classname="Open_Lab_05._01.Tests" runstate="Runnable" testcasecount="100" result="Passed" start-time="2021-12-27 14:41:49Z" end-time="2021-12-27 14:41:49Z" duration="0.063871" total="100" passed="100" failed="0" warnings="0" inconclusive="0" skipped="0" asserts="100">
            <test-case id="1001" name="CenturyTest(1756,&quot;18th century&quot;)" fullname="Open_Lab_05._01.Tests.CenturyTest(1756,&quot;18th century&quot;)" methodname="CenturyTest" classname="Open_Lab_05._01.Tests" runstate="Runnable" seed="854581522" result="Passed" start-time="2021-12-27 14:41:49Z" end-time="2021-12-27 14:41:49Z" duration="0.032217" asserts="1" />
            <test-case id="1002" name="CenturyTest(1555,&quot;16th century&quot;)" fullname="Open_Lab_05._01.Tests.CenturyTest(1555,&quot;16th century&quot;)" methodname="CenturyTest" classname="Open_Lab_05._01.Tests" runstate="Runnable" seed="1212457534" result="Passed" start-time="2021-12-27 14:41:49Z" end-time="2021-12-27 14:41:49Z" duration="0.000291" asserts="1" />
            <test-case id="1003" name="CenturyTest(1000,&quot;10th century&quot;)" fullname="Open_Lab_05._01.Tests.CenturyTest(1000,&quot;10th century&quot;)" methodname="CenturyTest" classname="Open_Lab_05._01.Tests" runstate="Runnable" seed="310251773" result="Passed" start-time="2021-12-27 14:41:49Z" end-time="2021-12-27 14:41:49Z" duration="0.000139" asserts="1" />
            <test-case id="1004" name="CenturyTest(1001,&quot;11th century&quot;)" fullname="Open_Lab_05._01.Tests.CenturyTest(1001,&quot;11th century&quot;)" methodname="CenturyTest" classname="Open_Lab_05._01.Tests" runstate="Runnable" seed="2058732717" result="Passed" start-time="2021-12-27 14:41:49Z" end-time="2021-12-27 14:41:49Z" duration="0.000143" asserts="1" />
            <test-case id="1005" name="CenturyTest(2005,&quot;21st century&quot;)" fullname="Open_Lab_05._01.Tests.CenturyTest(2005,&quot;21st century&quot;)" methodname="CenturyTest" classname="Open_Lab_05._01.Tests" runstate="Runnable" seed="1477443247" result="Passed" start-time="2021-12-27 14:41:49Z" end-time="2021-12-27 14:41:49Z" duration="0.000205" asserts="1" />
            <test-case id="1006" name="CenturyTest(4763,&quot;48th century&quot;)" fullname="Open_Lab_05._01.Tests.CenturyTest(4763,&quot;48th century&quot;)" methodname="CenturyTest" classname="Open_Lab_05._01.Tests" runstate="Runnable" seed="990948102" result="Passed" start-time="2021-12-27 14:41:49Z" end-time="2021-12-27 14:41:49Z" duration="0.000151" asserts="1" />
            <test-case id="1007" name="CenturyTest(4801,&quot;49th century&quot;)" fullname="Open_Lab_05._01.Tests.CenturyTest(4801,&quot;49th century&quot;)" methodname="CenturyTest" classname="Open_Lab_05._01.Tests" runstate="Runnable" seed="15045768" result="Passed" start-time="2021-12-27 14:41:49Z" end-time="2021-12-27 14:41:49Z" duration="0.000124" asserts="1" />
            <test-case id="1008" name="CenturyTest(868,&quot;9th century&quot;)" fullname="Open_Lab_05._01.Tests.CenturyTest(868,&quot;9th century&quot;)" methodname="CenturyTest" classname="Open_Lab_05._01.Tests" runstate="Runnable" seed="432181623" result="Passed" start-time="2021-12-27 14:41:49Z" end-time="2021-12-27 14:41:49Z" duration="0.000088" asserts="1" />
            <test-case id="1009" name="CenturyTest(3124,&quot;32nd century&quot;)" fullname="Open_Lab_05._01.Tests.CenturyTest(3124,&quot;32nd century&quot;)" methodname="CenturyTest" classname="Open_Lab_05._01.Tests" runstate="Runnable" seed="675437325" result="Passed" start-time="2021-12-27 14:41:49Z" end-time="2021-12-27 14:41:49Z" duration="0.000129" asserts="1" />
            <test-case id="1010" name="CenturyTest(1893,&quot;19th century&quot;)" fullname="Open_Lab_05._01.Tests.CenturyTest(1893,&quot;19th century&quot;)" methodname="CenturyTest" classname="Open_Lab_05._01.Tests" runstate="Runnable" seed="765230473" result="Passed" start-time="2021-12-27 14:41:49Z" end-time="2021-12-27 14:41:49Z" duration="0.000096" asserts="1" />
            <test-case id="1011" name="CenturyTest(1655,&quot;17th century&quot;)" fullname="Open_Lab_05._01.Tests.CenturyTest(1655,&quot;17th century&quot;)" methodname="CenturyTest" classname="Open_Lab_05._01.Tests" runstate="Runnable" seed="1223916691" result="Passed" start-time="2021-12-27 14:41:49Z" end-time="2021-12-27 14:41:49Z" duration="0.000238" asserts="1" />
            <test-case id="1012" name="CenturyTest(1399,&quot;14th century&quot;)" fullname="Open_Lab_05._01.Tests.CenturyTest(1399,&quot;14th century&quot;)" methodname="CenturyTest" classname="Open_Lab_05._01.Tests" runstate="Runnable" seed="1550074961" result="Passed" start-time="2021-12-27 14:41:49Z" end-time="2021-12-27 14:41:49Z" duration="0.000089" asserts="1" />
            <test-case id="1013" name="CenturyTest(2411,&quot;25th century&quot;)" fullname="Open_Lab_05._01.Tests.CenturyTest(2411,&quot;25th century&quot;)" methodname="CenturyTest" classname="Open_Lab_05._01.Tests" runstate="Runnable" seed="2007926948" result="Passed" start-time="2021-12-27 14:41:49Z" end-time="2021-12-27 14:41:49Z" duration="0.000086" asserts="1" />
            <test-case id="1014" name="CenturyTest(4670,&quot;47th century&quot;)" fullname="Open_Lab_05._01.Tests.CenturyTest(4670,&quot;47th century&quot;)" methodname="CenturyTest" classname="Open_Lab_05._01.Tests" runstate="Runnable" seed="1438718801" result="Passed" start-time="2021-12-27 14:41:49Z" end-time="2021-12-27 14:41:49Z" duration="0.000100" asserts="1" />
            <test-case id="1015" name="CenturyTest(1184,&quot;12th century&quot;)" fullname="Open_Lab_05._01.Tests.CenturyTest(1184,&quot;12th century&quot;)" methodname="CenturyTest" classname="Open_Lab_05._01.Tests" runstate="Runnable" seed="642086917" result="Passed" start-time="2021-12-27 14:41:49Z" end-time="2021-12-27 14:41:49Z" duration="0.000098" asserts="1" />
            <test-case id="1016" name="CenturyTest(4436,&quot;45th century&quot;)" fullname="Open_Lab_05._01.Tests.CenturyTest(4436,&quot;45th century&quot;)" methodname="CenturyTest" classname="Open_Lab_05._01.Tests" runstate="Runnable" seed="789460329" result="Passed" start-time="2021-12-27 14:41:49Z" end-time="2021-12-27 14:41:49Z" duration="0.000086" asserts="1" />
            <test-case id="1017" name="CenturyTest(2887,&quot;29th century&quot;)" fullname="Open_Lab_05._01.Tests.CenturyTest(2887,&quot;29th century&quot;)" methodname="CenturyTest" classname="Open_Lab_05._01.Tests" runstate="Runnable" seed="1499141203" result="Passed" start-time="2021-12-27 14:41:49Z" end-time="2021-12-27 14:41:49Z" duration="0.000156" asserts="1" />
            <test-case id="1018" name="CenturyTest(2558,&quot;26th century&quot;)" fullname="Open_Lab_05._01.Tests.CenturyTest(2558,&quot;26th century&quot;)" methodname="CenturyTest" classname="Open_Lab_05._01.Tests" runstate="Runnable" seed="1447273067" result="Passed" start-time="2021-12-27 14:41:49Z" end-time="2021-12-27 14:41:49Z" duration="0.000100" asserts="1" />
            <test-case id="1019" name="CenturyTest(4532,&quot;46th century&quot;)" fullname="Open_Lab_05._01.Tests.CenturyTest(4532,&quot;46th century&quot;)" methodname="CenturyTest" classname="Open_Lab_05._01.Tests" runstate="Runnable" seed="1021814818" result="Passed" start-time="2021-12-27 14:41:49Z" end-time="2021-12-27 14:41:49Z" duration="0.000096" asserts="1" />
            <test-case id="1020" name="CenturyTest(1500,&quot;15th century&quot;)" fullname="Open_Lab_05._01.Tests.CenturyTest(1500,&quot;15th century&quot;)" methodname="CenturyTest" classname="Open_Lab_05._01.Tests" runstate="Runnable" seed="2145450646" result="Passed" start-time="2021-12-27 14:41:49Z" end-time="2021-12-27 14:41:49Z" duration="0.000080" asserts="1" />
            <test-case id="1021" name="CenturyTest(4638,&quot;47th century&quot;)" fullname="Open_Lab_05._01.Tests.CenturyTest(4638,&quot;47th century&quot;)" methodname="CenturyTest" classname="Open_Lab_05._01.Tests" runstate="Runnable" seed="1400217595" result="Passed" start-time="2021-12-27 14:41:49Z" end-time="2021-12-27 14:41:49Z" duration="0.000098" asserts="1" />
            <test-case id="1022" name="CenturyTest(2490,&quot;25th century&quot;)" fullname="Open_Lab_05._01.Tests.CenturyTest(2490,&quot;25th century&quot;)" methodname="CenturyTest" classname="Open_Lab_05._01.Tests" runstate="Runnable" seed="343834804" result="Passed" start-time="2021-12-27 14:41:49Z" end-time="2021-12-27 14:41:49Z" duration="0.000096" asserts="1" />
            <test-case id="1023" name="CenturyTest(661,&quot;7th century&quot;)" fullname="Open_Lab_05._01.Tests.CenturyTest(661,&quot;7th century&quot;)" methodname="CenturyTest" classname="Open_Lab_05._01.Tests" runstate="Runnable" seed="825586745" result="Passed" start-time="2021-12-27 14:41:49Z" end-time="2021-12-27 14:41:49Z" duration="0.000095" asserts="1" />
            <test-case id="1024" name="CenturyTest(317,&quot;4th century&quot;)" fullname="Open_Lab_05._01.Tests.CenturyTest(317,&quot;4th century&quot;)" methodname="CenturyTest" classname="Open_Lab_05._01.Tests" runstate="Runnable" seed="481430545" result="Passed" start-time="2021-12-27 14:41:49Z" end-time="2021-12-27 14:41:49Z" duration="0.000092" asserts="1" />
            <test-case id="1025" name="CenturyTest(173,&quot;2nd century&quot;)" fullname="Open_Lab_05._01.Tests.CenturyTest(173,&quot;2nd century&quot;)" methodname="CenturyTest" classname="Open_Lab_05._01.Tests" runstate="Runnable" seed="636499878" result="Passed" start-time="2021-12-27 14:41:49Z" end-time="2021-12-27 14:41:49Z" duration="0.000100" asserts="1" />
            <test-case id="1026" name="CenturyTest(870,&quot;9th century&quot;)" fullname="Open_Lab_05._01.Tests.CenturyTest(870,&quot;9th century&quot;)" methodname="CenturyTest" classname="Open_Lab_05._01.Tests" runstate="Runnable" seed="546149358" result="Passed" start-time="2021-12-27 14:41:49Z" end-time="2021-12-27 14:41:49Z" duration="0.000097" asserts="1" />
            <test-case id="1027" name="CenturyTest(4602,&quot;47th century&quot;)" fullname="Open_Lab_05._01.Tests.CenturyTest(4602,&quot;47th century&quot;)" methodname="CenturyTest" classname="Open_Lab_05._01.Tests" runstate="Runnable" seed="2063128841" result="Passed" start-time="2021-12-27 14:41:49Z" end-time="2021-12-27 14:41:49Z" duration="0.000131" asserts="1" />
            <test-case id="1028" name="CenturyTest(1810,&quot;19th century&quot;)" fullname="Open_Lab_05._01.Tests.CenturyTest(1810,&quot;19th century&quot;)" methodname="CenturyTest" classname="Open_Lab_05._01.Tests" runstate="Runnable" seed="223528299" result="Passed" start-time="2021-12-27 14:41:49Z" end-time="2021-12-27 14:41:49Z" duration="0.000195" asserts="1" />
            <test-case id="1029" name="CenturyTest(4415,&quot;45th century&quot;)" fullname="Open_Lab_05._01.Tests.CenturyTest(4415,&quot;45th century&quot;)" methodname="CenturyTest" classname="Open_Lab_05._01.Tests" runstate="Runnable" seed="538622071" result="Passed" start-time="2021-12-27 14:41:49Z" end-time="2021-12-27 14:41:49Z" duration="0.000105" asserts="1" />
            <test-case id="1030" name="CenturyTest(572,&quot;6th century&quot;)" fullname="Open_Lab_05._01.Tests.CenturyTest(572,&quot;6th century&quot;)" methodname="CenturyTest" classname="Open_Lab_05._01.Tests" runstate="Runnable" seed="1878456845" result="Passed" start-time="2021-12-27 14:41:49Z" end-time="2021-12-27 14:41:49Z" duration="0.000084" asserts="1" />
            <test-case id="1031" name="CenturyTest(3459,&quot;35th century&quot;)" fullname="Open_Lab_05._01.Tests.CenturyTest(3459,&quot;35th century&quot;)" methodname="CenturyTest" classname="Open_Lab_05._01.Tests" runstate="Runnable" seed="124277543" result="Passed" start-time="2021-12-27 14:41:49Z" end-time="2021-12-27 14:41:49Z" duration="0.000068" asserts="1" />
            <test-case id="1032" name="CenturyTest(3907,&quot;40th century&quot;)" fullname="Open_Lab_05._01.Tests.CenturyTest(3907,&quot;40th century&quot;)" methodname="CenturyTest" classname="Open_Lab_05._01.Tests" runstate="Runnable" seed="1655506170" result="Passed" start-time="2021-12-27 14:41:49Z" end-time="2021-12-27 14:41:49Z" duration="0.000073" asserts="1" />
            <test-case id="1033" name="CenturyTest(2536,&quot;26th century&quot;)" fullname="Open_Lab_05._01.Tests.CenturyTest(2536,&quot;26th century&quot;)" methodname="CenturyTest" classname="Open_Lab_05._01.Tests" runstate="Runnable" seed="1258553667" result="Passed" start-time="2021-12-27 14:41:49Z" end-time="2021-12-27 14:41:49Z" duration="0.000079" asserts="1" />
            <test-case id="1034" name="CenturyTest(3184,&quot;32nd century&quot;)" fullname="Open_Lab_05._01.Tests.CenturyTest(3184,&quot;32nd century&quot;)" methodname="CenturyTest" classname="Open_Lab_05._01.Tests" runstate="Runnable" seed="1826072567" result="Passed" start-time="2021-12-27 14:41:49Z" end-time="2021-12-27 14:41:49Z" duration="0.000121" asserts="1" />
            <test-case id="1035" name="CenturyTest(3330,&quot;34th century&quot;)" fullname="Open_Lab_05._01.Tests.CenturyTest(3330,&quot;34th century&quot;)" methodname="CenturyTest" classname="Open_Lab_05._01.Tests" runstate="Runnable" seed="235083812" result="Passed" start-time="2021-12-27 14:41:49Z" end-time="2021-12-27 14:41:49Z" duration="0.000083" asserts="1" />
            <test-case id="1036" name="CenturyTest(3768,&quot;38th century&quot;)" fullname="Open_Lab_05._01.Tests.CenturyTest(3768,&quot;38th century&quot;)" methodname="CenturyTest" classname="Open_Lab_05._01.Tests" runstate="Runnable" seed="364261217" result="Passed" start-time="2021-12-27 14:41:49Z" end-time="2021-12-27 14:41:49Z" duration="0.000073" asserts="1" />
            <test-case id="1037" name="CenturyTest(588,&quot;6th century&quot;)" fullname="Open_Lab_05._01.Tests.CenturyTest(588,&quot;6th century&quot;)" methodname="CenturyTest" classname="Open_Lab_05._01.Tests" runstate="Runnable" seed="382535707" result="Passed" start-time="2021-12-27 14:41:49Z" end-time="2021-12-27 14:41:49Z" duration="0.000081" asserts="1" />
            <test-case id="1038" name="CenturyTest(279,&quot;3rd century&quot;)" fullname="Open_Lab_05._01.Tests.CenturyTest(279,&quot;3rd century&quot;)" methodname="CenturyTest" classname="Open_Lab_05._01.Tests" runstate="Runnable" seed="1789771298" result="Passed" start-time="2021-12-27 14:41:49Z" end-time="2021-12-27 14:41:49Z" duration="0.000096" asserts="1" />
            <test-case id="1039" name="CenturyTest(1540,&quot;16th century&quot;)" fullname="Open_Lab_05._01.Tests.CenturyTest(1540,&quot;16th century&quot;)" methodname="CenturyTest" classname="Open_Lab_05._01.Tests" runstate="Runnable" seed="1738592760" result="Passed" start-time="2021-12-27 14:41:49Z" end-time="2021-12-27 14:41:49Z" duration="0.000087" asserts="1" />
            <test-case id="1040" name="CenturyTest(2403,&quot;25th century&quot;)" fullname="Open_Lab_05._01.Tests.CenturyTest(2403,&quot;25th century&quot;)" methodname="CenturyTest" classname="Open_Lab_05._01.Tests" runstate="Runnable" seed="158361715" result="Passed" start-time="2021-12-27 14:41:49Z" end-time="2021-12-27 14:41:49Z" duration="0.000072" asserts="1" />
            <test-case id="1041" name="CenturyTest(759,&quot;8th century&quot;)" fullname="Open_Lab_05._01.Tests.CenturyTest(759,&quot;8th century&quot;)" methodname="CenturyTest" classname="Open_Lab_05._01.Tests" runstate="Runnable" seed="112730535" result="Passed" start-time="2021-12-27 14:41:49Z" end-time="2021-12-27 14:41:49Z" duration="0.000082" asserts="1" />
            <test-case id="1042" name="CenturyTest(2131,&quot;22nd century&quot;)" fullname="Open_Lab_05._01.Tests.CenturyTest(2131,&quot;22nd century&quot;)" methodname="CenturyTest" classname="Open_Lab_05._01.Tests" runstate="Runnable" seed="379042377" result="Passed" start-time="2021-12-27 14:41:49Z" end-time="2021-12-27 14:41:49Z" duration="0.000082" asserts="1" />
            <test-case id="1043" name="CenturyTest(2567,&quot;26th century&quot;)" fullname="Open_Lab_05._01.Tests.CenturyTest(2567,&quot;26th century&quot;)" methodname="CenturyTest" classname="Open_Lab_05._01.Tests" runstate="Runnable" seed="1090313438" result="Passed" start-time="2021-12-27 14:41:49Z" end-time="2021-12-27 14:41:49Z" duration="0.000127" asserts="1" />
            <test-case id="1044" name="CenturyTest(3668,&quot;37th century&quot;)" fullname="Open_Lab_05._01.Tests.CenturyTest(3668,&quot;37th century&quot;)" methodname="CenturyTest" classname="Open_Lab_05._01.Tests" runstate="Runnable" seed="225768614" result="Passed" start-time="2021-12-27 14:41:49Z" end-time="2021-12-27 14:41:49Z" duration="0.000082" asserts="1" />
            <test-case id="1045" name="CenturyTest(728,&quot;8th century&quot;)" fullname="Open_Lab_05._01.Tests.CenturyTest(728,&quot;8th century&quot;)" methodname="CenturyTest" classname="Open_Lab_05._01.Tests" runstate="Runnable" seed="19249729" result="Passed" start-time="2021-12-27 14:41:49Z" end-time="2021-12-27 14:41:49Z" duration="0.000086" asserts="1" />
            <test-case id="1046" name="CenturyTest(2625,&quot;27th century&quot;)" fullname="Open_Lab_05._01.Tests.CenturyTest(2625,&quot;27th century&quot;)" methodname="CenturyTest" classname="Open_Lab_05._01.Tests" runstate="Runnable" seed="1626844313" result="Passed" start-time="2021-12-27 14:41:49Z" end-time="2021-12-27 14:41:49Z" duration="0.000085" asserts="1" />
            <test-case id="1047" name="CenturyTest(1439,&quot;15th century&quot;)" fullname="Open_Lab_05._01.Tests.CenturyTest(1439,&quot;15th century&quot;)" methodname="CenturyTest" classname="Open_Lab_05._01.Tests" runstate="Runnable" seed="1151698508" result="Passed" start-time="2021-12-27 14:41:49Z" end-time="2021-12-27 14:41:49Z" duration="0.000071" asserts="1" />
            <test-case id="1048" name="CenturyTest(1379,&quot;14th century&quot;)" fullname="Open_Lab_05._01.Tests.CenturyTest(1379,&quot;14th century&quot;)" methodname="CenturyTest" classname="Open_Lab_05._01.Tests" runstate="Runnable" seed="1190224997" result="Passed" start-time="2021-12-27 14:41:49Z" end-time="2021-12-27 14:41:49Z" duration="0.000072" asserts="1" />
            <test-case id="1049" name="CenturyTest(2498,&quot;25th century&quot;)" fullname="Open_Lab_05._01.Tests.CenturyTest(2498,&quot;25th century&quot;)" methodname="CenturyTest" classname="Open_Lab_05._01.Tests" runstate="Runnable" seed="1041010034" result="Passed" start-time="2021-12-27 14:41:49Z" end-time="2021-12-27 14:41:49Z" duration="0.000102" asserts="1" />
            <test-case id="1050" name="CenturyTest(267,&quot;3rd century&quot;)" fullname="Open_Lab_05._01.Tests.CenturyTest(267,&quot;3rd century&quot;)" methodname="CenturyTest" classname="Open_Lab_05._01.Tests" runstate="Runnable" seed="2043224459" result="Passed" start-time="2021-12-27 14:41:49Z" end-time="2021-12-27 14:41:49Z" duration="0.002251" asserts="1" />
            <test-case id="1051" name="CenturyTest(3333,&quot;34th century&quot;)" fullname="Open_Lab_05._01.Tests.CenturyTest(3333,&quot;34th century&quot;)" methodname="CenturyTest" classname="Open_Lab_05._01.Tests" runstate="Runnable" seed="849092075" result="Passed" start-time="2021-12-27 14:41:49Z" end-time="2021-12-27 14:41:49Z" duration="0.000189" asserts="1" />
            <test-case id="1052" name="CenturyTest(1073,&quot;11th century&quot;)" fullname="Open_Lab_05._01.Tests.CenturyTest(1073,&quot;11th century&quot;)" methodname="CenturyTest" classname="Open_Lab_05._01.Tests" runstate="Runnable" seed="678216426" result="Passed" start-time="2021-12-27 14:41:49Z" end-time="2021-12-27 14:41:49Z" duration="0.000129" asserts="1" />
            <test-case id="1053" name="CenturyTest(1188,&quot;12th century&quot;)" fullname="Open_Lab_05._01.Tests.CenturyTest(1188,&quot;12th century&quot;)" methodname="CenturyTest" classname="Open_Lab_05._01.Tests" runstate="Runnable" seed="1739494400" result="Passed" start-time="2021-12-27 14:41:49Z" end-time="2021-12-27 14:41:49Z" duration="0.000087" asserts="1" />
            <test-case id="1054" name="CenturyTest(4836,&quot;49th century&quot;)" fullname="Open_Lab_05._01.Tests.CenturyTest(4836,&quot;49th century&quot;)" methodname="CenturyTest" classname="Open_Lab_05._01.Tests" runstate="Runnable" seed="942154830" result="Passed" start-time="2021-12-27 14:41:49Z" end-time="2021-12-27 14:41:49Z" duration="0.000091" asserts="1" />
            <test-case id="1055" name="CenturyTest(988,&quot;10th century&quot;)" fullname="Open_Lab_05._01.Tests.CenturyTest(988,&quot;10th century&quot;)" methodname="CenturyTest" classname="Open_Lab_05._01.Tests" runstate="Runnable" seed="1068959993" result="Passed" start-time="2021-12-27 14:41:49Z" end-time="2021-12-27 14:41:49Z" duration="0.000071" asserts="1" />
            <test-case id="1056" name="CenturyTest(852,&quot;9th century&quot;)" fullname="Open_Lab_05._01.Tests.CenturyTest(852,&quot;9th century&quot;)" methodname="CenturyTest" classname="Open_Lab_05._01.Tests" runstate="Runnable" seed="1261957389" result="Passed" start-time="2021-12-27 14:41:49Z" end-time="2021-12-27 14:41:49Z" duration="0.000099" asserts="1" />
            <test-case id="1057" name="CenturyTest(4902,&quot;50th century&quot;)" fullname="Open_Lab_05._01.Tests.CenturyTest(4902,&quot;50th century&quot;)" methodname="CenturyTest" classname="Open_Lab_05._01.Tests" runstate="Runnable" seed="1361755539" result="Passed" start-time="2021-12-27 14:41:49Z" end-time="2021-12-27 14:41:49Z" duration="0.000091" asserts="1" />
            <test-case id="1058" name="CenturyTest(376,&quot;4th century&quot;)" fullname="Open_Lab_05._01.Tests.CenturyTest(376,&quot;4th century&quot;)" methodname="CenturyTest" classname="Open_Lab_05._01.Tests" runstate="Runnable" seed="1976270615" result="Passed" start-time="2021-12-27 14:41:49Z" end-time="2021-12-27 14:41:49Z" duration="0.000091" asserts="1" />
            <test-case id="1059" name="CenturyTest(3281,&quot;33rd century&quot;)" fullname="Open_Lab_05._01.Tests.CenturyTest(3281,&quot;33rd century&quot;)" methodname="CenturyTest" classname="Open_Lab_05._01.Tests" runstate="Runnable" seed="841272236" result="Passed" start-time="2021-12-27 14:41:49Z" end-time="2021-12-27 14:41:49Z" duration="0.000075" asserts="1" />
            <test-case id="1060" name="CenturyTest(3745,&quot;38th century&quot;)" fullname="Open_Lab_05._01.Tests.CenturyTest(3745,&quot;38th century&quot;)" methodname="CenturyTest" classname="Open_Lab_05._01.Tests" runstate="Runnable" seed="1682744734" result="Passed" start-time="2021-12-27 14:41:49Z" end-time="2021-12-27 14:41:49Z" duration="0.000118" asserts="1" />
            <test-case id="1061" name="CenturyTest(161,&quot;2nd century&quot;)" fullname="Open_Lab_05._01.Tests.CenturyTest(161,&quot;2nd century&quot;)" methodname="CenturyTest" classname="Open_Lab_05._01.Tests" runstate="Runnable" seed="1075302908" result="Passed" start-time="2021-12-27 14:41:49Z" end-time="2021-12-27 14:41:49Z" duration="0.000131" asserts="1" />
            <test-case id="1062" name="CenturyTest(2992,&quot;30th century&quot;)" fullname="Open_Lab_05._01.Tests.CenturyTest(2992,&quot;30th century&quot;)" methodname="CenturyTest" classname="Open_Lab_05._01.Tests" runstate="Runnable" seed="1939001116" result="Passed" start-time="2021-12-27 14:41:49Z" end-time="2021-12-27 14:41:49Z" duration="0.000090" asserts="1" />
            <test-case id="1063" name="CenturyTest(1453,&quot;15th century&quot;)" fullname="Open_Lab_05._01.Tests.CenturyTest(1453,&quot;15th century&quot;)" methodname="CenturyTest" classname="Open_Lab_05._01.Tests" runstate="Runnable" seed="2041043199" result="Passed" start-time="2021-12-27 14:41:49Z" end-time="2021-12-27 14:41:49Z" duration="0.000265" asserts="1" />
            <test-case id="1064" name="CenturyTest(2553,&quot;26th century&quot;)" fullname="Open_Lab_05._01.Tests.CenturyTest(2553,&quot;26th century&quot;)" methodname="CenturyTest" classname="Open_Lab_05._01.Tests" runstate="Runnable" seed="944464127" result="Passed" start-time="2021-12-27 14:41:49Z" end-time="2021-12-27 14:41:49Z" duration="0.000132" asserts="1" />
            <test-case id="1065" name="CenturyTest(3434,&quot;35th century&quot;)" fullname="Open_Lab_05._01.Tests.CenturyTest(3434,&quot;35th century&quot;)" methodname="CenturyTest" classname="Open_Lab_05._01.Tests" runstate="Runnable" seed="640952930" result="Passed" start-time="2021-12-27 14:41:49Z" end-time="2021-12-27 14:41:49Z" duration="0.000127" asserts="1" />
            <test-case id="1066" name="CenturyTest(2748,&quot;28th century&quot;)" fullname="Open_Lab_05._01.Tests.CenturyTest(2748,&quot;28th century&quot;)" methodname="CenturyTest" classname="Open_Lab_05._01.Tests" runstate="Runnable" seed="1715894168" result="Passed" start-time="2021-12-27 14:41:49Z" end-time="2021-12-27 14:41:49Z" duration="0.000089" asserts="1" />
            <test-case id="1067" name="CenturyTest(3863,&quot;39th century&quot;)" fullname="Open_Lab_05._01.Tests.CenturyTest(3863,&quot;39th century&quot;)" methodname="CenturyTest" classname="Open_Lab_05._01.Tests" runstate="Runnable" seed="291521294" result="Passed" start-time="2021-12-27 14:41:49Z" end-time="2021-12-27 14:41:49Z" duration="0.000089" asserts="1" />
            <test-case id="1068" name="CenturyTest(4227,&quot;43rd century&quot;)" fullname="Open_Lab_05._01.Tests.CenturyTest(4227,&quot;43rd century&quot;)" methodname="CenturyTest" classname="Open_Lab_05._01.Tests" runstate="Runnable" seed="181854381" result="Passed" start-time="2021-12-27 14:41:49Z" end-time="2021-12-27 14:41:49Z" duration="0.000099" asserts="1" />
            <test-case id="1069" name="CenturyTest(1341,&quot;14th century&quot;)" fullname="Open_Lab_05._01.Tests.CenturyTest(1341,&quot;14th century&quot;)" methodname="CenturyTest" classname="Open_Lab_05._01.Tests" runstate="Runnable" seed="1203634989" result="Passed" start-time="2021-12-27 14:41:49Z" end-time="2021-12-27 14:41:49Z" duration="0.000132" asserts="1" />
            <test-case id="1070" name="CenturyTest(2417,&quot;25th century&quot;)" fullname="Open_Lab_05._01.Tests.CenturyTest(2417,&quot;25th century&quot;)" methodname="CenturyTest" classname="Open_Lab_05._01.Tests" runstate="Runnable" seed="277825700" result="Passed" start-time="2021-12-27 14:41:49Z" end-time="2021-12-27 14:41:49Z" duration="0.000085" asserts="1" />
            <test-case id="1071" name="CenturyTest(3848,&quot;39th century&quot;)" fullname="Open_Lab_05._01.Tests.CenturyTest(3848,&quot;39th century&quot;)" methodname="CenturyTest" classname="Open_Lab_05._01.Tests" runstate="Runnable" seed="406924622" result="Passed" start-time="2021-12-27 14:41:49Z" end-time="2021-12-27 14:41:49Z" duration="0.000089" asserts="1" />
            <test-case id="1072" name="CenturyTest(2609,&quot;27th century&quot;)" fullname="Open_Lab_05._01.Tests.CenturyTest(2609,&quot;27th century&quot;)" methodname="CenturyTest" classname="Open_Lab_05._01.Tests" runstate="Runnable" seed="1856853552" result="Passed" start-time="2021-12-27 14:41:49Z" end-time="2021-12-27 14:41:49Z" duration="0.000099" asserts="1" />
            <test-case id="1073" name="CenturyTest(1018,&quot;11th century&quot;)" fullname="Open_Lab_05._01.Tests.CenturyTest(1018,&quot;11th century&quot;)" methodname="CenturyTest" classname="Open_Lab_05._01.Tests" runstate="Runnable" seed="1856163954" result="Passed" start-time="2021-12-27 14:41:49Z" end-time="2021-12-27 14:41:49Z" duration="0.000104" asserts="1" />
            <test-case id="1074" name="CenturyTest(2129,&quot;22nd century&quot;)" fullname="Open_Lab_05._01.Tests.CenturyTest(2129,&quot;22nd century&quot;)" methodname="CenturyTest" classname="Open_Lab_05._01.Tests" runstate="Runnable" seed="863453103" result="Passed" start-time="2021-12-27 14:41:49Z" end-time="2021-12-27 14:41:49Z" duration="0.000084" asserts="1" />
            <test-case id="1075" name="CenturyTest(741,&quot;8th century&quot;)" fullname="Open_Lab_05._01.Tests.CenturyTest(741,&quot;8th century&quot;)" methodname="CenturyTest" classname="Open_Lab_05._01.Tests" runstate="Runnable" seed="2032720111" result="Passed" start-time="2021-12-27 14:41:49Z" end-time="2021-12-27 14:41:49Z" duration="0.000099" asserts="1" />
            <test-case id="1076" name="CenturyTest(2507,&quot;26th century&quot;)" fullname="Open_Lab_05._01.Tests.CenturyTest(2507,&quot;26th century&quot;)" methodname="CenturyTest" classname="Open_Lab_05._01.Tests" runstate="Runnable" seed="1021175218" result="Passed" start-time="2021-12-27 14:41:49Z" end-time="2021-12-27 14:41:49Z" duration="0.000121" asserts="1" />
            <test-case id="1077" name="CenturyTest(4924,&quot;50th century&quot;)" fullname="Open_Lab_05._01.Tests.CenturyTest(4924,&quot;50th century&quot;)" methodname="CenturyTest" classname="Open_Lab_05._01.Tests" runstate="Runnable" seed="1401005013" result="Passed" start-time="2021-12-27 14:41:49Z" end-time="2021-12-27 14:41:49Z" duration="0.000701" asserts="1" />
            <test-case id="1078" name="CenturyTest(1993,&quot;20th century&quot;)" fullname="Open_Lab_05._01.Tests.CenturyTest(1993,&quot;20th century&quot;)" methodname="CenturyTest" classname="Open_Lab_05._01.Tests" runstate="Runnable" seed="599818131" result="Passed" start-time="2021-12-27 14:41:49Z" end-time="2021-12-27 14:41:49Z" duration="0.000072" asserts="1" />
            <test-case id="1079" name="CenturyTest(4589,&quot;46th century&quot;)" fullname="Open_Lab_05._01.Tests.CenturyTest(4589,&quot;46th century&quot;)" methodname="CenturyTest" classname="Open_Lab_05._01.Tests" runstate="Runnable" seed="462180816" result="Passed" start-time="2021-12-27 14:41:49Z" end-time="2021-12-27 14:41:49Z" duration="0.000112" asserts="1" />
            <test-case id="1080" name="CenturyTest(2549,&quot;26th century&quot;)" fullname="Open_Lab_05._01.Tests.CenturyTest(2549,&quot;26th century&quot;)" methodname="CenturyTest" classname="Open_Lab_05._01.Tests" runstate="Runnable" seed="1157139212" result="Passed" start-time="2021-12-27 14:41:49Z" end-time="2021-12-27 14:41:49Z" duration="0.000092" asserts="1" />
            <test-case id="1081" name="CenturyTest(4432,&quot;45th century&quot;)" fullname="Open_Lab_05._01.Tests.CenturyTest(4432,&quot;45th century&quot;)" methodname="CenturyTest" classname="Open_Lab_05._01.Tests" runstate="Runnable" seed="1541934497" result="Passed" start-time="2021-12-27 14:41:49Z" end-time="2021-12-27 14:41:49Z" duration="0.000107" asserts="1" />
            <test-case id="1082" name="CenturyTest(3223,&quot;33rd century&quot;)" fullname="Open_Lab_05._01.Tests.CenturyTest(3223,&quot;33rd century&quot;)" methodname="CenturyTest" classname="Open_Lab_05._01.Tests" runstate="Runnable" seed="872903844" result="Passed" start-time="2021-12-27 14:41:49Z" end-time="2021-12-27 14:41:49Z" duration="0.000078" asserts="1" />
            <test-case id="1083" name="CenturyTest(4312,&quot;44th century&quot;)" fullname="Open_Lab_05._01.Tests.CenturyTest(4312,&quot;44th century&quot;)" methodname="CenturyTest" classname="Open_Lab_05._01.Tests" runstate="Runnable" seed="1330001912" result="Passed" start-time="2021-12-27 14:41:49Z" end-time="2021-12-27 14:41:49Z" duration="0.000083" asserts="1" />
            <test-case id="1084" name="CenturyTest(4149,&quot;42nd century&quot;)" fullname="Open_Lab_05._01.Tests.CenturyTest(4149,&quot;42nd century&quot;)" methodname="CenturyTest" classname="Open_Lab_05._01.Tests" runstate="Runnable" seed="642881259" result="Passed" start-time="2021-12-27 14:41:49Z" end-time="2021-12-27 14:41:49Z" duration="0.000080" asserts="1" />
            <test-case id="1085" name="CenturyTest(2239,&quot;23rd century&quot;)" fullname="Open_Lab_05._01.Tests.CenturyTest(2239,&quot;23rd century&quot;)" methodname="CenturyTest" classname="Open_Lab_05._01.Tests" runstate="Runnable" seed="1029364770" result="Passed" start-time="2021-12-27 14:41:49Z" end-time="2021-12-27 14:41:49Z" duration="0.000080" asserts="1" />
            <test-case id="1086" name="CenturyTest(2386,&quot;24th century&quot;)" fullname="Open_Lab_05._01.Tests.CenturyTest(2386,&quot;24th century&quot;)" methodname="CenturyTest" classname="Open_Lab_05._01.Tests" runstate="Runnable" seed="1593544764" result="Passed" start-time="2021-12-27 14:41:49Z" end-time="2021-12-27 14:41:49Z" duration="0.000068" asserts="1" />
            <test-case id="1087" name="CenturyTest(2719,&quot;28th century&quot;)" fullname="Open_Lab_05._01.Tests.CenturyTest(2719,&quot;28th century&quot;)" methodname="CenturyTest" classname="Open_Lab_05._01.Tests" runstate="Runnable" seed="2063495417" result="Passed" start-time="2021-12-27 14:41:49Z" end-time="2021-12-27 14:41:49Z" duration="0.000121" asserts="1" />
            <test-case id="1088" name="CenturyTest(2700,&quot;27th century&quot;)" fullname="Open_Lab_05._01.Tests.CenturyTest(2700,&quot;27th century&quot;)" methodname="CenturyTest" classname="Open_Lab_05._01.Tests" runstate="Runnable" seed="316398837" result="Passed" start-time="2021-12-27 14:41:49Z" end-time="2021-12-27 14:41:49Z" duration="0.000079" asserts="1" />
            <test-case id="1089" name="CenturyTest(2197,&quot;22nd century&quot;)" fullname="Open_Lab_05._01.Tests.CenturyTest(2197,&quot;22nd century&quot;)" methodname="CenturyTest" classname="Open_Lab_05._01.Tests" runstate="Runnable" seed="757112574" result="Passed" start-time="2021-12-27 14:41:49Z" end-time="2021-12-27 14:41:49Z" duration="0.000077" asserts="1" />
            <test-case id="1090" name="CenturyTest(2478,&quot;25th century&quot;)" fullname="Open_Lab_05._01.Tests.CenturyTest(2478,&quot;25th century&quot;)" methodname="CenturyTest" classname="Open_Lab_05._01.Tests" runstate="Runnable" seed="1120610070" result="Passed" start-time="2021-12-27 14:41:49Z" end-time="2021-12-27 14:41:49Z" duration="0.000066" asserts="1" />
            <test-case id="1091" name="CenturyTest(3866,&quot;39th century&quot;)" fullname="Open_Lab_05._01.Tests.CenturyTest(3866,&quot;39th century&quot;)" methodname="CenturyTest" classname="Open_Lab_05._01.Tests" runstate="Runnable" seed="1149989325" result="Passed" start-time="2021-12-27 14:41:49Z" end-time="2021-12-27 14:41:49Z" duration="0.000079" asserts="1" />
            <test-case id="1092" name="CenturyTest(213,&quot;3rd century&quot;)" fullname="Open_Lab_05._01.Tests.CenturyTest(213,&quot;3rd century&quot;)" methodname="CenturyTest" classname="Open_Lab_05._01.Tests" runstate="Runnable" seed="553748739" result="Passed" start-time="2021-12-27 14:41:49Z" end-time="2021-12-27 14:41:49Z" duration="0.000082" asserts="1" />
            <test-case id="1093" name="CenturyTest(1998,&quot;20th century&quot;)" fullname="Open_Lab_05._01.Tests.CenturyTest(1998,&quot;20th century&quot;)" methodname="CenturyTest" classname="Open_Lab_05._01.Tests" runstate="Runnable" seed="948499062" result="Passed" start-time="2021-12-27 14:41:49Z" end-time="2021-12-27 14:41:49Z" duration="0.000068" asserts="1" />
            <test-case id="1094" name="CenturyTest(2796,&quot;28th century&quot;)" fullname="Open_Lab_05._01.Tests.CenturyTest(2796,&quot;28th century&quot;)" methodname="CenturyTest" classname="Open_Lab_05._01.Tests" runstate="Runnable" seed="55848026" result="Passed" start-time="2021-12-27 14:41:49Z" end-time="2021-12-27 14:41:49Z" duration="0.000068" asserts="1" />
            <test-case id="1095" name="CenturyTest(2242,&quot;23rd century&quot;)" fullname="Open_Lab_05._01.Tests.CenturyTest(2242,&quot;23rd century&quot;)" methodname="CenturyTest" classname="Open_Lab_05._01.Tests" runstate="Runnable" seed="1230542454" result="Passed" start-time="2021-12-27 14:41:49Z" end-time="2021-12-27 14:41:49Z" duration="0.000077" asserts="1" />
            <test-case id="1096" name="CenturyTest(2768,&quot;28th century&quot;)" fullname="Open_Lab_05._01.Tests.CenturyTest(2768,&quot;28th century&quot;)" methodname="CenturyTest" classname="Open_Lab_05._01.Tests" runstate="Runnable" seed="321213066" result="Passed" start-time="2021-12-27 14:41:49Z" end-time="2021-12-27 14:41:49Z" duration="0.000080" asserts="1" />
            <test-case id="1097" name="CenturyTest(678,&quot;7th century&quot;)" fullname="Open_Lab_05._01.Tests.CenturyTest(678,&quot;7th century&quot;)" methodname="CenturyTest" classname="Open_Lab_05._01.Tests" runstate="Runnable" seed="485482825" result="Passed" start-time="2021-12-27 14:41:49Z" end-time="2021-12-27 14:41:49Z" duration="0.000079" asserts="1" />
            <test-case id="1098" name="CenturyTest(15,&quot;1st century&quot;)" fullname="Open_Lab_05._01.Tests.CenturyTest(15,&quot;1st century&quot;)" methodname="CenturyTest" classname="Open_Lab_05._01.Tests" runstate="Runnable" seed="145849311" result="Passed" start-time="2021-12-27 14:41:49Z" end-time="2021-12-27 14:41:49Z" duration="0.000189" asserts="1" />
            <test-case id="1099" name="CenturyTest(235,&quot;3rd century&quot;)" fullname="Open_Lab_05._01.Tests.CenturyTest(235,&quot;3rd century&quot;)" methodname="CenturyTest" classname="Open_Lab_05._01.Tests" runstate="Runnable" seed="1732299331" result="Passed" start-time="2021-12-27 14:41:49Z" end-time="2021-12-27 14:41:49Z" duration="0.000079" asserts="1" />
            <test-case id="1100" name="CenturyTest(2981,&quot;30th century&quot;)" fullname="Open_Lab_05._01.Tests.CenturyTest(2981,&quot;30th century&quot;)" methodname="CenturyTest" classname="Open_Lab_05._01.Tests" runstate="Runnable" seed="450839208" result="Passed" start-time="2021-12-27 14:41:49Z" end-time="2021-12-27 14:41:49Z" duration="0.000093" asserts="1" />
          </test-suite>
        </test-suite>
      </test-suite>
    </test-suite>
  </test-suite>
</test-run>